<?xml version="1.0" encoding="UTF-8" ?>
<testsuite errors="1" failures="0" hostname="L-156028172" name="com.testing.wipro.MultiplyClassTest" skipped="0" tests="1" time="0.0" timestamp="2013-09-19T13:45:06">
  <properties>
[...]
</properties>
  <error message="com.testing.wipro.MultiplyClassTest" type="java.lang.ClassNotFoundException">java.lang.ClassNotFoundException: com.testing.wipro.MultiplyClassTest
	at java.lang.ClassLoader.loadClass(ClassLoader.java:248)
	at java.lang.Class.forName0(Native Method)
	at java.lang.Class.forName(Class.java:247)
</error>
  <system-out><![CDATA[]]></system-out>
  <system-err><![CDATA[]]></system-err>
</testsuite>
